2021-01-12 15:35:32,543 INFO [Test worker] o.s.b.t.c.SpringBootTestContextBootstrapper [AbstractTestContextBootstrapper.java:308] Neither @ContextConfiguration nor @ContextHierarchy found for test class [org.dell.kube.pagesapi.HomeApiTest], using SpringBootContextLoader
2021-01-12 15:35:32,554 INFO [Test worker] o.s.t.c.s.AbstractContextLoader [AbstractContextLoader.java:264] Could not detect default resource locations for test class [org.dell.kube.pagesapi.HomeApiTest]: no resource found for suffixes {-context.xml, Context.groovy}.
2021-01-12 15:35:32,735 INFO [Test worker] o.s.b.t.c.SpringBootTestContextBootstrapper [AbstractTestContextBootstrapper.java:248] Loaded default TestExecutionListener class names from location [META-INF/spring.factories]: [org.springframework.boot.test.autoconfigure.restdocs.RestDocsTestExecutionListener, org.springframework.boot.test.autoconfigure.web.client.MockRestServiceServerResetTestExecutionListener, org.springframework.boot.test.autoconfigure.web.servlet.MockMvcPrintOnlyOnFailureTestExecutionListener, org.springframework.boot.test.autoconfigure.web.servlet.WebDriverTestExecutionListener, org.springframework.boot.test.autoconfigure.webservices.client.MockWebServiceServerTestExecutionListener, org.springframework.boot.test.mock.mockito.MockitoTestExecutionListener, org.springframework.boot.test.mock.mockito.ResetMocksTestExecutionListener, org.springframework.test.context.web.ServletTestExecutionListener, org.springframework.test.context.support.DirtiesContextBeforeModesTestExecutionListener, org.springframework.test.context.support.DependencyInjectionTestExecutionListener, org.springframework.test.context.support.DirtiesContextTestExecutionListener, org.springframework.test.context.transaction.TransactionalTestExecutionListener, org.springframework.test.context.jdbc.SqlScriptsTestExecutionListener, org.springframework.test.context.event.EventPublishingTestExecutionListener]
2021-01-12 15:35:32,752 INFO [Test worker] o.s.b.t.c.SpringBootTestContextBootstrapper [AbstractTestContextBootstrapper.java:177] Using TestExecutionListeners: [org.springframework.test.context.web.ServletTestExecutionListener@f476c8a, org.springframework.test.context.support.DirtiesContextBeforeModesTestExecutionListener@a07e993, org.springframework.boot.test.mock.mockito.MockitoTestExecutionListener@152c7fad, org.springframework.boot.test.autoconfigure.SpringBootDependencyInjectionTestExecutionListener@55ee24fd, org.springframework.test.context.support.DirtiesContextTestExecutionListener@617931f6, org.springframework.test.context.transaction.TransactionalTestExecutionListener@5407173b, org.springframework.test.context.jdbc.SqlScriptsTestExecutionListener@2220cb01, org.springframework.test.context.event.EventPublishingTestExecutionListener@6cdca74, org.springframework.boot.test.autoconfigure.restdocs.RestDocsTestExecutionListener@2e13bdda, org.springframework.boot.test.autoconfigure.web.client.MockRestServiceServerResetTestExecutionListener@4241c9ec, org.springframework.boot.test.autoconfigure.web.servlet.MockMvcPrintOnlyOnFailureTestExecutionListener@661d6a66, org.springframework.boot.test.autoconfigure.web.servlet.WebDriverTestExecutionListener@eeb82bb, org.springframework.boot.test.autoconfigure.webservices.client.MockWebServiceServerTestExecutionListener@3da503d1, org.springframework.boot.test.mock.mockito.ResetMocksTestExecutionListener@7167a320]
2021-01-12 15:35:33,198 INFO [Test worker] o.d.k.p.HomeApiTest [StartupInfoLogger.java:55] Starting HomeApiTest on lin01 with PID 11374 (started by student in /home/student/workspace/pages)
2021-01-12 15:35:33,204 INFO [Test worker] o.d.k.p.HomeApiTest [SpringApplication.java:651] No active profile set, falling back to default profiles: default
2021-01-12 15:35:35,198 INFO [Test worker] o.s.b.w.e.t.TomcatWebServer [TomcatWebServer.java:108] Tomcat initialized with port(s): 0 (http)
2021-01-12 15:35:35,215 INFO [Test worker] o.a.c.h.Http11NioProtocol [DirectJDKLog.java:173] Initializing ProtocolHandler ["http-nio-auto-1"]
2021-01-12 15:35:35,217 INFO [Test worker] o.a.c.c.StandardService [DirectJDKLog.java:173] Starting service [Tomcat]
2021-01-12 15:35:35,218 INFO [Test worker] o.a.c.c.StandardEngine [DirectJDKLog.java:173] Starting Servlet engine: [Apache Tomcat/9.0.36]
2021-01-12 15:35:35,317 INFO [Test worker] o.a.c.c.C.[.[.[/] [DirectJDKLog.java:173] Initializing Spring embedded WebApplicationContext
2021-01-12 15:35:35,318 INFO [Test worker] o.s.b.w.s.c.ServletWebServerApplicationContext [ServletWebServerApplicationContext.java:285] Root WebApplicationContext: initialization completed in 2091 ms
2021-01-12 15:35:35,977 INFO [Test worker] o.s.s.c.ThreadPoolTaskExecutor [ExecutorConfigurationSupport.java:181] Initializing ExecutorService 'applicationTaskExecutor'
2021-01-12 15:35:36,551 INFO [Test worker] o.s.b.a.e.w.EndpointLinksResolver [EndpointLinksResolver.java:58] Exposing 2 endpoint(s) beneath base path '/actuator'
2021-01-12 15:35:36,625 INFO [Test worker] o.a.c.h.Http11NioProtocol [DirectJDKLog.java:173] Starting ProtocolHandler ["http-nio-auto-1"]
2021-01-12 15:35:36,666 INFO [Test worker] o.s.b.w.e.t.TomcatWebServer [TomcatWebServer.java:220] Tomcat started on port(s): 36561 (http) with context path ''
2021-01-12 15:35:36,688 INFO [Test worker] o.d.k.p.HomeApiTest [StartupInfoLogger.java:61] Started HomeApiTest in 3.894 seconds (JVM running for 5.177)
2021-01-12 15:35:37,322 INFO [http-nio-auto-1-exec-1] o.a.c.c.C.[.[.[/] [DirectJDKLog.java:173] Initializing Spring DispatcherServlet 'dispatcherServlet'
2021-01-12 15:35:37,325 INFO [http-nio-auto-1-exec-1] o.s.w.s.DispatcherServlet [FrameworkServlet.java:525] Initializing Servlet 'dispatcherServlet'
2021-01-12 15:35:37,346 INFO [http-nio-auto-1-exec-1] o.s.w.s.DispatcherServlet [FrameworkServlet.java:547] Completed initialization in 20 ms
2021-01-12 15:35:37,515 INFO [http-nio-auto-1-exec-3] c.z.h.HikariDataSource [HikariDataSource.java:110] HikariPool-1 - Starting...
2021-01-12 15:35:37,686 INFO [http-nio-auto-1-exec-3] c.z.h.HikariDataSource [HikariDataSource.java:123] HikariPool-1 - Start completed.
2021-01-12 15:35:37,780 INFO [Test worker] o.s.b.t.c.SpringBootTestContextBootstrapper [AbstractTestContextBootstrapper.java:308] Neither @ContextConfiguration nor @ContextHierarchy found for test class [org.dell.kube.pagesapi.PageApiTest], using SpringBootContextLoader
2021-01-12 15:35:37,783 INFO [Test worker] o.s.t.c.s.AbstractContextLoader [AbstractContextLoader.java:264] Could not detect default resource locations for test class [org.dell.kube.pagesapi.PageApiTest]: no resource found for suffixes {-context.xml, Context.groovy}.
2021-01-12 15:35:37,788 INFO [Test worker] o.s.b.t.c.SpringBootTestContextBootstrapper [AbstractTestContextBootstrapper.java:248] Loaded default TestExecutionListener class names from location [META-INF/spring.factories]: [org.springframework.boot.test.autoconfigure.restdocs.RestDocsTestExecutionListener, org.springframework.boot.test.autoconfigure.web.client.MockRestServiceServerResetTestExecutionListener, org.springframework.boot.test.autoconfigure.web.servlet.MockMvcPrintOnlyOnFailureTestExecutionListener, org.springframework.boot.test.autoconfigure.web.servlet.WebDriverTestExecutionListener, org.springframework.boot.test.autoconfigure.webservices.client.MockWebServiceServerTestExecutionListener, org.springframework.boot.test.mock.mockito.MockitoTestExecutionListener, org.springframework.boot.test.mock.mockito.ResetMocksTestExecutionListener, org.springframework.test.context.web.ServletTestExecutionListener, org.springframework.test.context.support.DirtiesContextBeforeModesTestExecutionListener, org.springframework.test.context.support.DependencyInjectionTestExecutionListener, org.springframework.test.context.support.DirtiesContextTestExecutionListener, org.springframework.test.context.transaction.TransactionalTestExecutionListener, org.springframework.test.context.jdbc.SqlScriptsTestExecutionListener, org.springframework.test.context.event.EventPublishingTestExecutionListener]
2021-01-12 15:35:37,788 INFO [Test worker] o.s.b.t.c.SpringBootTestContextBootstrapper [AbstractTestContextBootstrapper.java:177] Using TestExecutionListeners: [org.springframework.test.context.web.ServletTestExecutionListener@5c8d600, org.springframework.test.context.support.DirtiesContextBeforeModesTestExecutionListener@b059317, org.springframework.boot.test.mock.mockito.MockitoTestExecutionListener@15ab5a89, org.springframework.boot.test.autoconfigure.SpringBootDependencyInjectionTestExecutionListener@39360439, org.springframework.test.context.support.DirtiesContextTestExecutionListener@7a8dbdc9, org.springframework.test.context.transaction.TransactionalTestExecutionListener@5db704a4, org.springframework.test.context.jdbc.SqlScriptsTestExecutionListener@12077289, org.springframework.test.context.event.EventPublishingTestExecutionListener@1b19ab3c, org.springframework.boot.test.autoconfigure.restdocs.RestDocsTestExecutionListener@c6d3e63, org.springframework.boot.test.autoconfigure.web.client.MockRestServiceServerResetTestExecutionListener@699a896e, org.springframework.boot.test.autoconfigure.web.servlet.MockMvcPrintOnlyOnFailureTestExecutionListener@40202dee, org.springframework.boot.test.autoconfigure.web.servlet.WebDriverTestExecutionListener@16b62e9d, org.springframework.boot.test.autoconfigure.webservices.client.MockWebServiceServerTestExecutionListener@734d840e, org.springframework.boot.test.mock.mockito.ResetMocksTestExecutionListener@4e21b2f0]
2021-01-12 15:35:37,925 INFO [http-nio-auto-1-exec-2] o.d.k.p.PageController [PageController.java:21] CREATE-INFO:Creating a new page
2021-01-12 15:35:37,972 INFO [http-nio-auto-1-exec-2] o.d.k.p.PageController [PageController.java:24] CREATE-INFO:Created a new page with id = 1
2021-01-12 15:35:37,985 INFO [http-nio-auto-1-exec-4] o.d.k.p.PageController [PageController.java:42] LIST-INFO:Fetching all pages
2021-01-12 15:35:38,068 INFO [http-nio-auto-1-exec-5] o.d.k.p.PageController [PageController.java:21] CREATE-INFO:Creating a new page
2021-01-12 15:35:38,075 INFO [http-nio-auto-1-exec-5] o.d.k.p.PageController [PageController.java:24] CREATE-INFO:Created a new page with id = 1
2021-01-12 15:35:38,086 INFO [http-nio-auto-1-exec-6] o.d.k.p.PageController [PageController.java:30] READ-INFO:Fetching page with id = 1
2021-01-12 15:35:38,130 INFO [http-nio-auto-1-exec-7] o.d.k.p.PageController [PageController.java:21] CREATE-INFO:Creating a new page
2021-01-12 15:35:38,136 INFO [http-nio-auto-1-exec-7] o.d.k.p.PageController [PageController.java:24] CREATE-INFO:Created a new page with id = 1
2021-01-12 15:35:38,181 INFO [http-nio-auto-1-exec-8] o.d.k.p.PageController [PageController.java:21] CREATE-INFO:Creating a new page
2021-01-12 15:35:38,188 INFO [http-nio-auto-1-exec-8] o.d.k.p.PageController [PageController.java:24] CREATE-INFO:Created a new page with id = 1
2021-01-12 15:35:38,198 INFO [http-nio-auto-1-exec-9] o.d.k.p.PageController [PageController.java:62] DELETE-INFO:Deleting the page with id = 1
2021-01-12 15:35:38,206 INFO [http-nio-auto-1-exec-9] o.d.k.p.PageController [PageController.java:65] DELETE-INFO:Deleted the page with id = 1
2021-01-12 15:35:38,211 INFO [http-nio-auto-1-exec-10] o.d.k.p.PageController [PageController.java:30] READ-INFO:Fetching page with id = 1
2021-01-12 15:35:38,215 ERROR [http-nio-auto-1-exec-10] o.d.k.p.PageController [PageController.java:36] READ-ERROR:Could not find page with id = 1
2021-01-12 15:35:38,253 INFO [http-nio-auto-1-exec-1] o.d.k.p.PageController [PageController.java:21] CREATE-INFO:Creating a new page
2021-01-12 15:35:38,260 INFO [http-nio-auto-1-exec-1] o.d.k.p.PageController [PageController.java:24] CREATE-INFO:Created a new page with id = 1
2021-01-12 15:35:38,267 INFO [http-nio-auto-1-exec-3] o.d.k.p.PageController [PageController.java:50] UPDATE-INFO:Updating the page with id = 1
2021-01-12 15:35:38,280 INFO [Test worker] o.s.b.t.c.SpringBootTestContextBootstrapper [AbstractTestContextBootstrapper.java:308] Neither @ContextConfiguration nor @ContextHierarchy found for test class [org.dell.kube.pages.MySqlPageRepositoryTest], using SpringBootContextLoader
2021-01-12 15:35:38,282 INFO [Test worker] o.s.t.c.s.AbstractContextLoader [AbstractContextLoader.java:264] Could not detect default resource locations for test class [org.dell.kube.pages.MySqlPageRepositoryTest]: no resource found for suffixes {-context.xml, Context.groovy}.
2021-01-12 15:35:38,283 INFO [Test worker] o.s.t.c.s.AnnotationConfigContextLoaderUtils [AnnotationConfigContextLoaderUtils.java:83] Could not detect default configuration classes for test class [org.dell.kube.pages.MySqlPageRepositoryTest]: MySqlPageRepositoryTest does not declare any static, non-private, non-final, nested classes annotated with @Configuration.
2021-01-12 15:35:38,289 INFO [Test worker] o.s.b.t.c.SpringBootTestContextBootstrapper [SpringBootTestContextBootstrapper.java:237] Found @SpringBootConfiguration org.dell.kube.pages.PageApplication for test class org.dell.kube.pages.MySqlPageRepositoryTest
2021-01-12 15:35:38,292 INFO [Test worker] o.s.b.t.c.SpringBootTestContextBootstrapper [AbstractTestContextBootstrapper.java:248] Loaded default TestExecutionListener class names from location [META-INF/spring.factories]: [org.springframework.boot.test.autoconfigure.restdocs.RestDocsTestExecutionListener, org.springframework.boot.test.autoconfigure.web.client.MockRestServiceServerResetTestExecutionListener, org.springframework.boot.test.autoconfigure.web.servlet.MockMvcPrintOnlyOnFailureTestExecutionListener, org.springframework.boot.test.autoconfigure.web.servlet.WebDriverTestExecutionListener, org.springframework.boot.test.autoconfigure.webservices.client.MockWebServiceServerTestExecutionListener, org.springframework.boot.test.mock.mockito.MockitoTestExecutionListener, org.springframework.boot.test.mock.mockito.ResetMocksTestExecutionListener, org.springframework.test.context.web.ServletTestExecutionListener, org.springframework.test.context.support.DirtiesContextBeforeModesTestExecutionListener, org.springframework.test.context.support.DependencyInjectionTestExecutionListener, org.springframework.test.context.support.DirtiesContextTestExecutionListener, org.springframework.test.context.transaction.TransactionalTestExecutionListener, org.springframework.test.context.jdbc.SqlScriptsTestExecutionListener, org.springframework.test.context.event.EventPublishingTestExecutionListener]
2021-01-12 15:35:38,292 INFO [Test worker] o.s.b.t.c.SpringBootTestContextBootstrapper [AbstractTestContextBootstrapper.java:177] Using TestExecutionListeners: [org.springframework.test.context.web.ServletTestExecutionListener@4b038c72, org.springframework.test.context.support.DirtiesContextBeforeModesTestExecutionListener@5092fd07, org.springframework.boot.test.mock.mockito.MockitoTestExecutionListener@4e0df263, org.springframework.boot.test.autoconfigure.SpringBootDependencyInjectionTestExecutionListener@23022ca, org.springframework.test.context.support.DirtiesContextTestExecutionListener@55075ee2, org.springframework.test.context.transaction.TransactionalTestExecutionListener@12baeb80, org.springframework.test.context.jdbc.SqlScriptsTestExecutionListener@33858d5e, org.springframework.test.context.event.EventPublishingTestExecutionListener@3020df96, org.springframework.boot.test.autoconfigure.restdocs.RestDocsTestExecutionListener@5fbf773e, org.springframework.boot.test.autoconfigure.web.client.MockRestServiceServerResetTestExecutionListener@1a1c61a2, org.springframework.boot.test.autoconfigure.web.servlet.MockMvcPrintOnlyOnFailureTestExecutionListener@5ece0c2, org.springframework.boot.test.autoconfigure.web.servlet.WebDriverTestExecutionListener@33864386, org.springframework.boot.test.autoconfigure.webservices.client.MockWebServiceServerTestExecutionListener@17a4c44f, org.springframework.boot.test.mock.mockito.ResetMocksTestExecutionListener@6ecca668]
2021-01-12 15:35:38,324 INFO [Test worker] o.d.k.p.MySqlPageRepositoryTest [StartupInfoLogger.java:55] Starting MySqlPageRepositoryTest on lin01 with PID 11374 (started by student in /home/student/workspace/pages)
2021-01-12 15:35:38,324 INFO [Test worker] o.d.k.p.MySqlPageRepositoryTest [SpringApplication.java:651] No active profile set, falling back to default profiles: default
2021-01-12 15:35:39,069 INFO [Test worker] o.s.s.c.ThreadPoolTaskExecutor [ExecutorConfigurationSupport.java:181] Initializing ExecutorService 'applicationTaskExecutor'
2021-01-12 15:35:39,436 INFO [Test worker] o.s.b.a.e.w.EndpointLinksResolver [EndpointLinksResolver.java:58] Exposing 2 endpoint(s) beneath base path '/actuator'
2021-01-12 15:35:39,473 INFO [Test worker] o.d.k.p.MySqlPageRepositoryTest [StartupInfoLogger.java:61] Started MySqlPageRepositoryTest in 1.173 seconds (JVM running for 7.961)
2021-01-12 15:35:39,486 INFO [Test worker] c.z.h.HikariDataSource [HikariDataSource.java:110] HikariPool-2 - Starting...
2021-01-12 15:35:39,491 INFO [Test worker] c.z.h.HikariDataSource [HikariDataSource.java:123] HikariPool-2 - Start completed.
2021-01-12 15:35:40,054 INFO [Test worker] o.d.k.p.PageController [PageController.java:42] LIST-INFO:Fetching all pages
2021-01-12 15:35:40,076 INFO [Test worker] o.d.k.p.PageController [PageController.java:30] READ-INFO:Fetching page with id = 1
2021-01-12 15:35:40,080 INFO [Test worker] o.d.k.p.PageController [PageController.java:30] READ-INFO:Fetching page with id = 1
2021-01-12 15:35:40,081 ERROR [Test worker] o.d.k.p.PageController [PageController.java:36] READ-ERROR:Could not find page with id = 1
2021-01-12 15:35:40,089 INFO [Test worker] o.d.k.p.PageController [PageController.java:50] UPDATE-INFO:Updating the page with id = 1
2021-01-12 15:35:40,091 ERROR [Test worker] o.d.k.p.PageController [PageController.java:56] UPDATE-ERROR:Could not update the page with id = 1
2021-01-12 15:35:40,094 INFO [Test worker] o.d.k.p.PageController [PageController.java:21] CREATE-INFO:Creating a new page
2021-01-12 15:35:40,095 INFO [Test worker] o.d.k.p.PageController [PageController.java:24] CREATE-INFO:Created a new page with id = 1
2021-01-12 15:35:40,101 INFO [Test worker] o.d.k.p.PageController [PageController.java:62] DELETE-INFO:Deleting the page with id = 1
2021-01-12 15:35:40,103 INFO [Test worker] o.d.k.p.PageController [PageController.java:65] DELETE-INFO:Deleted the page with id = 1
2021-01-12 15:35:40,108 INFO [Test worker] o.d.k.p.PageController [PageController.java:50] UPDATE-INFO:Updating the page with id = 1
2021-01-12 15:35:40,151 INFO [SpringContextShutdownHook] o.s.s.c.ThreadPoolTaskExecutor [ExecutorConfigurationSupport.java:218] Shutting down ExecutorService 'applicationTaskExecutor'
2021-01-12 15:35:40,154 INFO [SpringContextShutdownHook] c.z.h.HikariDataSource [HikariDataSource.java:350] HikariPool-2 - Shutdown initiated...
2021-01-12 15:35:40,190 INFO [SpringContextShutdownHook] o.s.s.c.ThreadPoolTaskExecutor [ExecutorConfigurationSupport.java:218] Shutting down ExecutorService 'applicationTaskExecutor'
2021-01-12 15:35:40,196 INFO [SpringContextShutdownHook] c.z.h.HikariDataSource [HikariDataSource.java:350] HikariPool-1 - Shutdown initiated...
2021-01-12 15:35:40,197 INFO [SpringContextShutdownHook] c.z.h.HikariDataSource [HikariDataSource.java:352] HikariPool-2 - Shutdown completed.
2021-01-12 15:35:40,228 INFO [SpringContextShutdownHook] c.z.h.HikariDataSource [HikariDataSource.java:352] HikariPool-1 - Shutdown completed.
2021-01-12 15:35:53,201 INFO [main] o.d.k.p.PageApplication [StartupInfoLogger.java:55] Starting PageApplication on lin01 with PID 12025 (/home/student/workspace/pages/build/classes/java/main started by student in /home/student/workspace/pages)
2021-01-12 15:35:53,204 INFO [main] o.d.k.p.PageApplication [SpringApplication.java:651] No active profile set, falling back to default profiles: default
2021-01-12 15:35:54,437 INFO [main] o.s.b.w.e.t.TomcatWebServer [TomcatWebServer.java:108] Tomcat initialized with port(s): 8080 (http)
2021-01-12 15:35:54,458 INFO [main] o.a.c.h.Http11NioProtocol [DirectJDKLog.java:173] Initializing ProtocolHandler ["http-nio-8080"]
2021-01-12 15:35:54,459 INFO [main] o.a.c.c.StandardService [DirectJDKLog.java:173] Starting service [Tomcat]
2021-01-12 15:35:54,459 INFO [main] o.a.c.c.StandardEngine [DirectJDKLog.java:173] Starting Servlet engine: [Apache Tomcat/9.0.36]
2021-01-12 15:35:54,515 INFO [main] o.a.c.c.C.[.[.[/] [DirectJDKLog.java:173] Initializing Spring embedded WebApplicationContext
2021-01-12 15:35:54,515 INFO [main] o.s.b.w.s.c.ServletWebServerApplicationContext [ServletWebServerApplicationContext.java:285] Root WebApplicationContext: initialization completed in 1268 ms
2021-01-12 15:35:54,820 INFO [main] o.s.s.c.ThreadPoolTaskExecutor [ExecutorConfigurationSupport.java:181] Initializing ExecutorService 'applicationTaskExecutor'
2021-01-12 15:35:55,038 INFO [main] o.s.b.a.e.w.EndpointLinksResolver [EndpointLinksResolver.java:58] Exposing 2 endpoint(s) beneath base path '/actuator'
2021-01-12 15:35:55,059 INFO [main] o.a.c.h.Http11NioProtocol [DirectJDKLog.java:173] Starting ProtocolHandler ["http-nio-8080"]
2021-01-12 15:35:55,078 INFO [main] o.s.b.w.e.t.TomcatWebServer [TomcatWebServer.java:220] Tomcat started on port(s): 8080 (http) with context path ''
2021-01-12 15:35:55,097 INFO [main] o.d.k.p.PageApplication [StartupInfoLogger.java:61] Started PageApplication in 2.205 seconds (JVM running for 2.634)
2021-01-12 15:52:00,871 INFO [SpringContextShutdownHook] o.s.s.c.ThreadPoolTaskExecutor [ExecutorConfigurationSupport.java:218] Shutting down ExecutorService 'applicationTaskExecutor'
2021-01-12 15:52:06,446 INFO [main] o.d.k.p.PageApplication [StartupInfoLogger.java:55] Starting PageApplication on lin01 with PID 12866 (/home/student/workspace/pages/build/classes/java/main started by student in /home/student/workspace/pages)
2021-01-12 15:52:06,450 INFO [main] o.d.k.p.PageApplication [SpringApplication.java:651] No active profile set, falling back to default profiles: default
2021-01-12 15:52:07,697 INFO [main] o.s.b.w.e.t.TomcatWebServer [TomcatWebServer.java:108] Tomcat initialized with port(s): 8080 (http)
2021-01-12 15:52:07,713 INFO [main] o.a.c.h.Http11NioProtocol [DirectJDKLog.java:173] Initializing ProtocolHandler ["http-nio-8080"]
2021-01-12 15:52:07,714 INFO [main] o.a.c.c.StandardService [DirectJDKLog.java:173] Starting service [Tomcat]
2021-01-12 15:52:07,715 INFO [main] o.a.c.c.StandardEngine [DirectJDKLog.java:173] Starting Servlet engine: [Apache Tomcat/9.0.36]
2021-01-12 15:52:07,771 INFO [main] o.a.c.c.C.[.[.[/] [DirectJDKLog.java:173] Initializing Spring embedded WebApplicationContext
2021-01-12 15:52:07,771 INFO [main] o.s.b.w.s.c.ServletWebServerApplicationContext [ServletWebServerApplicationContext.java:285] Root WebApplicationContext: initialization completed in 1282 ms
2021-01-12 15:52:08,075 INFO [main] o.s.s.c.ThreadPoolTaskExecutor [ExecutorConfigurationSupport.java:181] Initializing ExecutorService 'applicationTaskExecutor'
2021-01-12 15:52:08,281 INFO [main] o.s.b.a.e.w.EndpointLinksResolver [EndpointLinksResolver.java:58] Exposing 2 endpoint(s) beneath base path '/actuator'
2021-01-12 15:52:08,302 INFO [main] o.a.c.h.Http11NioProtocol [DirectJDKLog.java:173] Starting ProtocolHandler ["http-nio-8080"]
2021-01-12 15:52:08,319 INFO [main] o.s.b.w.e.t.TomcatWebServer [TomcatWebServer.java:220] Tomcat started on port(s): 8080 (http) with context path ''
2021-01-12 15:52:08,337 INFO [main] o.d.k.p.PageApplication [StartupInfoLogger.java:61] Started PageApplication in 2.195 seconds (JVM running for 2.621)
2021-01-12 15:53:38,343 INFO [SpringContextShutdownHook] o.s.s.c.ThreadPoolTaskExecutor [ExecutorConfigurationSupport.java:218] Shutting down ExecutorService 'applicationTaskExecutor'
2021-01-13 11:46:11,088 INFO [Test worker] o.s.b.t.c.SpringBootTestContextBootstrapper [AbstractTestContextBootstrapper.java:308] Neither @ContextConfiguration nor @ContextHierarchy found for test class [org.dell.kube.pagesapi.HomeApiTest], using SpringBootContextLoader
2021-01-13 11:46:11,100 INFO [Test worker] o.s.t.c.s.AbstractContextLoader [AbstractContextLoader.java:264] Could not detect default resource locations for test class [org.dell.kube.pagesapi.HomeApiTest]: no resource found for suffixes {-context.xml, Context.groovy}.
2021-01-13 11:46:11,266 INFO [Test worker] o.s.b.t.c.SpringBootTestContextBootstrapper [AbstractTestContextBootstrapper.java:248] Loaded default TestExecutionListener class names from location [META-INF/spring.factories]: [org.springframework.boot.test.autoconfigure.restdocs.RestDocsTestExecutionListener, org.springframework.boot.test.autoconfigure.web.client.MockRestServiceServerResetTestExecutionListener, org.springframework.boot.test.autoconfigure.web.servlet.MockMvcPrintOnlyOnFailureTestExecutionListener, org.springframework.boot.test.autoconfigure.web.servlet.WebDriverTestExecutionListener, org.springframework.boot.test.autoconfigure.webservices.client.MockWebServiceServerTestExecutionListener, org.springframework.boot.test.mock.mockito.MockitoTestExecutionListener, org.springframework.boot.test.mock.mockito.ResetMocksTestExecutionListener, org.springframework.test.context.web.ServletTestExecutionListener, org.springframework.test.context.support.DirtiesContextBeforeModesTestExecutionListener, org.springframework.test.context.support.DependencyInjectionTestExecutionListener, org.springframework.test.context.support.DirtiesContextTestExecutionListener, org.springframework.test.context.transaction.TransactionalTestExecutionListener, org.springframework.test.context.jdbc.SqlScriptsTestExecutionListener, org.springframework.test.context.event.EventPublishingTestExecutionListener]
2021-01-13 11:46:11,281 INFO [Test worker] o.s.b.t.c.SpringBootTestContextBootstrapper [AbstractTestContextBootstrapper.java:177] Using TestExecutionListeners: [org.springframework.test.context.web.ServletTestExecutionListener@e4e071, org.springframework.test.context.support.DirtiesContextBeforeModesTestExecutionListener@2c72c4a0, org.springframework.boot.test.mock.mockito.MockitoTestExecutionListener@b332abe, org.springframework.boot.test.autoconfigure.SpringBootDependencyInjectionTestExecutionListener@4e1652a3, org.springframework.test.context.support.DirtiesContextTestExecutionListener@6956c478, org.springframework.test.context.transaction.TransactionalTestExecutionListener@533b5a36, org.springframework.test.context.jdbc.SqlScriptsTestExecutionListener@414fec35, org.springframework.test.context.event.EventPublishingTestExecutionListener@3db02df5, org.springframework.boot.test.autoconfigure.restdocs.RestDocsTestExecutionListener@621a5b3f, org.springframework.boot.test.autoconfigure.web.client.MockRestServiceServerResetTestExecutionListener@6b7947a0, org.springframework.boot.test.autoconfigure.web.servlet.MockMvcPrintOnlyOnFailureTestExecutionListener@556920be, org.springframework.boot.test.autoconfigure.web.servlet.WebDriverTestExecutionListener@690a7063, org.springframework.boot.test.autoconfigure.webservices.client.MockWebServiceServerTestExecutionListener@59f90dde, org.springframework.boot.test.mock.mockito.ResetMocksTestExecutionListener@781c1506]
2021-01-13 11:46:11,667 INFO [Test worker] o.d.k.p.HomeApiTest [StartupInfoLogger.java:55] Starting HomeApiTest on lin01 with PID 5147 (started by student in /home/student/workspace/pages)
2021-01-13 11:46:11,668 INFO [Test worker] o.d.k.p.HomeApiTest [SpringApplication.java:651] No active profile set, falling back to default profiles: default
2021-01-13 11:46:13,790 INFO [Test worker] o.s.b.w.e.t.TomcatWebServer [TomcatWebServer.java:108] Tomcat initialized with port(s): 0 (http)
2021-01-13 11:46:13,803 INFO [Test worker] o.a.c.h.Http11NioProtocol [DirectJDKLog.java:173] Initializing ProtocolHandler ["http-nio-auto-1"]
2021-01-13 11:46:13,805 INFO [Test worker] o.a.c.c.StandardService [DirectJDKLog.java:173] Starting service [Tomcat]
2021-01-13 11:46:13,805 INFO [Test worker] o.a.c.c.StandardEngine [DirectJDKLog.java:173] Starting Servlet engine: [Apache Tomcat/9.0.36]
2021-01-13 11:46:13,902 INFO [Test worker] o.a.c.c.C.[.[.[/] [DirectJDKLog.java:173] Initializing Spring embedded WebApplicationContext
2021-01-13 11:46:13,903 INFO [Test worker] o.s.b.w.s.c.ServletWebServerApplicationContext [ServletWebServerApplicationContext.java:285] Root WebApplicationContext: initialization completed in 2214 ms
2021-01-13 11:46:14,675 INFO [Test worker] o.s.s.c.ThreadPoolTaskExecutor [ExecutorConfigurationSupport.java:181] Initializing ExecutorService 'applicationTaskExecutor'
2021-01-13 11:46:15,255 INFO [Test worker] o.s.b.a.e.w.EndpointLinksResolver [EndpointLinksResolver.java:58] Exposing 2 endpoint(s) beneath base path '/actuator'
2021-01-13 11:46:15,320 INFO [Test worker] o.a.c.h.Http11NioProtocol [DirectJDKLog.java:173] Starting ProtocolHandler ["http-nio-auto-1"]
2021-01-13 11:46:15,370 INFO [Test worker] o.s.b.w.e.t.TomcatWebServer [TomcatWebServer.java:220] Tomcat started on port(s): 40107 (http) with context path ''
2021-01-13 11:46:15,389 INFO [Test worker] o.d.k.p.HomeApiTest [StartupInfoLogger.java:61] Started HomeApiTest in 4.069 seconds (JVM running for 5.376)
2021-01-13 11:46:15,932 INFO [http-nio-auto-1-exec-1] o.a.c.c.C.[.[.[/] [DirectJDKLog.java:173] Initializing Spring DispatcherServlet 'dispatcherServlet'
2021-01-13 11:46:15,938 INFO [http-nio-auto-1-exec-1] o.s.w.s.DispatcherServlet [FrameworkServlet.java:525] Initializing Servlet 'dispatcherServlet'
2021-01-13 11:46:15,955 INFO [http-nio-auto-1-exec-1] o.s.w.s.DispatcherServlet [FrameworkServlet.java:547] Completed initialization in 16 ms
2021-01-13 11:46:16,148 INFO [http-nio-auto-1-exec-2] c.z.h.HikariDataSource [HikariDataSource.java:110] HikariPool-1 - Starting...
2021-01-13 11:46:16,326 INFO [http-nio-auto-1-exec-2] c.z.h.HikariDataSource [HikariDataSource.java:123] HikariPool-1 - Start completed.
2021-01-13 11:46:16,425 INFO [Test worker] o.s.b.t.c.SpringBootTestContextBootstrapper [AbstractTestContextBootstrapper.java:308] Neither @ContextConfiguration nor @ContextHierarchy found for test class [org.dell.kube.pagesapi.PageApiTest], using SpringBootContextLoader
2021-01-13 11:46:16,427 INFO [Test worker] o.s.t.c.s.AbstractContextLoader [AbstractContextLoader.java:264] Could not detect default resource locations for test class [org.dell.kube.pagesapi.PageApiTest]: no resource found for suffixes {-context.xml, Context.groovy}.
2021-01-13 11:46:16,431 INFO [Test worker] o.s.b.t.c.SpringBootTestContextBootstrapper [AbstractTestContextBootstrapper.java:248] Loaded default TestExecutionListener class names from location [META-INF/spring.factories]: [org.springframework.boot.test.autoconfigure.restdocs.RestDocsTestExecutionListener, org.springframework.boot.test.autoconfigure.web.client.MockRestServiceServerResetTestExecutionListener, org.springframework.boot.test.autoconfigure.web.servlet.MockMvcPrintOnlyOnFailureTestExecutionListener, org.springframework.boot.test.autoconfigure.web.servlet.WebDriverTestExecutionListener, org.springframework.boot.test.autoconfigure.webservices.client.MockWebServiceServerTestExecutionListener, org.springframework.boot.test.mock.mockito.MockitoTestExecutionListener, org.springframework.boot.test.mock.mockito.ResetMocksTestExecutionListener, org.springframework.test.context.web.ServletTestExecutionListener, org.springframework.test.context.support.DirtiesContextBeforeModesTestExecutionListener, org.springframework.test.context.support.DependencyInjectionTestExecutionListener, org.springframework.test.context.support.DirtiesContextTestExecutionListener, org.springframework.test.context.transaction.TransactionalTestExecutionListener, org.springframework.test.context.jdbc.SqlScriptsTestExecutionListener, org.springframework.test.context.event.EventPublishingTestExecutionListener]
2021-01-13 11:46:16,433 INFO [Test worker] o.s.b.t.c.SpringBootTestContextBootstrapper [AbstractTestContextBootstrapper.java:177] Using TestExecutionListeners: [org.springframework.test.context.web.ServletTestExecutionListener@10799ea8, org.springframework.test.context.support.DirtiesContextBeforeModesTestExecutionListener@171eb239, org.springframework.boot.test.mock.mockito.MockitoTestExecutionListener@1bbe5be8, org.springframework.boot.test.autoconfigure.SpringBootDependencyInjectionTestExecutionListener@57914e29, org.springframework.test.context.support.DirtiesContextTestExecutionListener@bc116ad, org.springframework.test.context.transaction.TransactionalTestExecutionListener@692cf296, org.springframework.test.context.jdbc.SqlScriptsTestExecutionListener@249540, org.springframework.test.context.event.EventPublishingTestExecutionListener@5d19636b, org.springframework.boot.test.autoconfigure.restdocs.RestDocsTestExecutionListener@5eee621b, org.springframework.boot.test.autoconfigure.web.client.MockRestServiceServerResetTestExecutionListener@50d88312, org.springframework.boot.test.autoconfigure.web.servlet.MockMvcPrintOnlyOnFailureTestExecutionListener@74f292dc, org.springframework.boot.test.autoconfigure.web.servlet.WebDriverTestExecutionListener@6266b512, org.springframework.boot.test.autoconfigure.webservices.client.MockWebServiceServerTestExecutionListener@4f35fdff, org.springframework.boot.test.mock.mockito.ResetMocksTestExecutionListener@5b613718]
2021-01-13 11:46:16,558 INFO [http-nio-auto-1-exec-3] o.d.k.p.PageController [PageController.java:21] CREATE-INFO:Creating a new page
2021-01-13 11:46:16,621 INFO [http-nio-auto-1-exec-3] o.d.k.p.PageController [PageController.java:24] CREATE-INFO:Created a new page with id = 1
2021-01-13 11:46:16,633 INFO [http-nio-auto-1-exec-4] o.d.k.p.PageController [PageController.java:42] LIST-INFO:Fetching all pages
2021-01-13 11:46:16,727 INFO [http-nio-auto-1-exec-5] o.d.k.p.PageController [PageController.java:21] CREATE-INFO:Creating a new page
2021-01-13 11:46:16,735 INFO [http-nio-auto-1-exec-5] o.d.k.p.PageController [PageController.java:24] CREATE-INFO:Created a new page with id = 1
2021-01-13 11:46:16,751 INFO [http-nio-auto-1-exec-6] o.d.k.p.PageController [PageController.java:30] READ-INFO:Fetching page with id = 1
2021-01-13 11:46:16,801 INFO [http-nio-auto-1-exec-7] o.d.k.p.PageController [PageController.java:21] CREATE-INFO:Creating a new page
2021-01-13 11:46:16,810 INFO [http-nio-auto-1-exec-7] o.d.k.p.PageController [PageController.java:24] CREATE-INFO:Created a new page with id = 1
2021-01-13 11:46:16,855 INFO [http-nio-auto-1-exec-8] o.d.k.p.PageController [PageController.java:21] CREATE-INFO:Creating a new page
2021-01-13 11:46:16,861 INFO [http-nio-auto-1-exec-8] o.d.k.p.PageController [PageController.java:24] CREATE-INFO:Created a new page with id = 1
2021-01-13 11:46:16,870 INFO [http-nio-auto-1-exec-9] o.d.k.p.PageController [PageController.java:62] DELETE-INFO:Deleting the page with id = 1
2021-01-13 11:46:16,880 INFO [http-nio-auto-1-exec-9] o.d.k.p.PageController [PageController.java:65] DELETE-INFO:Deleted the page with id = 1
2021-01-13 11:46:16,887 INFO [http-nio-auto-1-exec-10] o.d.k.p.PageController [PageController.java:30] READ-INFO:Fetching page with id = 1
2021-01-13 11:46:16,889 ERROR [http-nio-auto-1-exec-10] o.d.k.p.PageController [PageController.java:36] READ-ERROR:Could not find page with id = 1
2021-01-13 11:46:16,939 INFO [http-nio-auto-1-exec-1] o.d.k.p.PageController [PageController.java:21] CREATE-INFO:Creating a new page
2021-01-13 11:46:16,945 INFO [http-nio-auto-1-exec-1] o.d.k.p.PageController [PageController.java:24] CREATE-INFO:Created a new page with id = 1
2021-01-13 11:46:16,952 INFO [http-nio-auto-1-exec-2] o.d.k.p.PageController [PageController.java:50] UPDATE-INFO:Updating the page with id = 1
2021-01-13 11:46:16,966 INFO [Test worker] o.s.b.t.c.SpringBootTestContextBootstrapper [AbstractTestContextBootstrapper.java:308] Neither @ContextConfiguration nor @ContextHierarchy found for test class [org.dell.kube.pages.MySqlPageRepositoryTest], using SpringBootContextLoader
2021-01-13 11:46:16,972 INFO [Test worker] o.s.t.c.s.AbstractContextLoader [AbstractContextLoader.java:264] Could not detect default resource locations for test class [org.dell.kube.pages.MySqlPageRepositoryTest]: no resource found for suffixes {-context.xml, Context.groovy}.
2021-01-13 11:46:16,974 INFO [Test worker] o.s.t.c.s.AnnotationConfigContextLoaderUtils [AnnotationConfigContextLoaderUtils.java:83] Could not detect default configuration classes for test class [org.dell.kube.pages.MySqlPageRepositoryTest]: MySqlPageRepositoryTest does not declare any static, non-private, non-final, nested classes annotated with @Configuration.
2021-01-13 11:46:16,984 INFO [Test worker] o.s.b.t.c.SpringBootTestContextBootstrapper [SpringBootTestContextBootstrapper.java:237] Found @SpringBootConfiguration org.dell.kube.pages.PageApplication for test class org.dell.kube.pages.MySqlPageRepositoryTest
2021-01-13 11:46:16,987 INFO [Test worker] o.s.b.t.c.SpringBootTestContextBootstrapper [AbstractTestContextBootstrapper.java:248] Loaded default TestExecutionListener class names from location [META-INF/spring.factories]: [org.springframework.boot.test.autoconfigure.restdocs.RestDocsTestExecutionListener, org.springframework.boot.test.autoconfigure.web.client.MockRestServiceServerResetTestExecutionListener, org.springframework.boot.test.autoconfigure.web.servlet.MockMvcPrintOnlyOnFailureTestExecutionListener, org.springframework.boot.test.autoconfigure.web.servlet.WebDriverTestExecutionListener, org.springframework.boot.test.autoconfigure.webservices.client.MockWebServiceServerTestExecutionListener, org.springframework.boot.test.mock.mockito.MockitoTestExecutionListener, org.springframework.boot.test.mock.mockito.ResetMocksTestExecutionListener, org.springframework.test.context.web.ServletTestExecutionListener, org.springframework.test.context.support.DirtiesContextBeforeModesTestExecutionListener, org.springframework.test.context.support.DependencyInjectionTestExecutionListener, org.springframework.test.context.support.DirtiesContextTestExecutionListener, org.springframework.test.context.transaction.TransactionalTestExecutionListener, org.springframework.test.context.jdbc.SqlScriptsTestExecutionListener, org.springframework.test.context.event.EventPublishingTestExecutionListener]
2021-01-13 11:46:16,988 INFO [Test worker] o.s.b.t.c.SpringBootTestContextBootstrapper [AbstractTestContextBootstrapper.java:177] Using TestExecutionListeners: [org.springframework.test.context.web.ServletTestExecutionListener@2b6d04c1, org.springframework.test.context.support.DirtiesContextBeforeModesTestExecutionListener@363780e9, org.springframework.boot.test.mock.mockito.MockitoTestExecutionListener@41621a43, org.springframework.boot.test.autoconfigure.SpringBootDependencyInjectionTestExecutionListener@4a79d205, org.springframework.test.context.support.DirtiesContextTestExecutionListener@9f19c87, org.springframework.test.context.transaction.TransactionalTestExecutionListener@34b7598, org.springframework.test.context.jdbc.SqlScriptsTestExecutionListener@52aac7b0, org.springframework.test.context.event.EventPublishingTestExecutionListener@56c7de1a, org.springframework.boot.test.autoconfigure.restdocs.RestDocsTestExecutionListener@53d775e1, org.springframework.boot.test.autoconfigure.web.client.MockRestServiceServerResetTestExecutionListener@b683db6, org.springframework.boot.test.autoconfigure.web.servlet.MockMvcPrintOnlyOnFailureTestExecutionListener@ffbfc2c, org.springframework.boot.test.autoconfigure.web.servlet.WebDriverTestExecutionListener@6724d4c7, org.springframework.boot.test.autoconfigure.webservices.client.MockWebServiceServerTestExecutionListener@f34ddbf, org.springframework.boot.test.mock.mockito.ResetMocksTestExecutionListener@457bd462]
2021-01-13 11:46:17,025 INFO [Test worker] o.d.k.p.MySqlPageRepositoryTest [StartupInfoLogger.java:55] Starting MySqlPageRepositoryTest on lin01 with PID 5147 (started by student in /home/student/workspace/pages)
2021-01-13 11:46:17,026 INFO [Test worker] o.d.k.p.MySqlPageRepositoryTest [SpringApplication.java:651] No active profile set, falling back to default profiles: default
2021-01-13 11:46:18,024 INFO [Test worker] o.s.s.c.ThreadPoolTaskExecutor [ExecutorConfigurationSupport.java:181] Initializing ExecutorService 'applicationTaskExecutor'
2021-01-13 11:46:18,319 INFO [Test worker] o.s.b.a.e.w.EndpointLinksResolver [EndpointLinksResolver.java:58] Exposing 2 endpoint(s) beneath base path '/actuator'
2021-01-13 11:46:18,374 INFO [Test worker] o.d.k.p.MySqlPageRepositoryTest [StartupInfoLogger.java:61] Started MySqlPageRepositoryTest in 1.379 seconds (JVM running for 8.361)
2021-01-13 11:46:18,388 INFO [Test worker] c.z.h.HikariDataSource [HikariDataSource.java:110] HikariPool-2 - Starting...
2021-01-13 11:46:18,394 INFO [Test worker] c.z.h.HikariDataSource [HikariDataSource.java:123] HikariPool-2 - Start completed.
2021-01-13 11:46:18,763 INFO [Test worker] o.d.k.p.PageController [PageController.java:42] LIST-INFO:Fetching all pages
2021-01-13 11:46:18,787 INFO [Test worker] o.d.k.p.PageController [PageController.java:30] READ-INFO:Fetching page with id = 1
2021-01-13 11:46:18,793 INFO [Test worker] o.d.k.p.PageController [PageController.java:30] READ-INFO:Fetching page with id = 1
2021-01-13 11:46:18,794 ERROR [Test worker] o.d.k.p.PageController [PageController.java:36] READ-ERROR:Could not find page with id = 1
2021-01-13 11:46:18,799 INFO [Test worker] o.d.k.p.PageController [PageController.java:50] UPDATE-INFO:Updating the page with id = 1
2021-01-13 11:46:18,803 ERROR [Test worker] o.d.k.p.PageController [PageController.java:56] UPDATE-ERROR:Could not update the page with id = 1
2021-01-13 11:46:18,806 INFO [Test worker] o.d.k.p.PageController [PageController.java:21] CREATE-INFO:Creating a new page
2021-01-13 11:46:18,807 INFO [Test worker] o.d.k.p.PageController [PageController.java:24] CREATE-INFO:Created a new page with id = 1
2021-01-13 11:46:18,813 INFO [Test worker] o.d.k.p.PageController [PageController.java:62] DELETE-INFO:Deleting the page with id = 1
2021-01-13 11:46:18,817 INFO [Test worker] o.d.k.p.PageController [PageController.java:65] DELETE-INFO:Deleted the page with id = 1
2021-01-13 11:46:18,820 INFO [Test worker] o.d.k.p.PageController [PageController.java:50] UPDATE-INFO:Updating the page with id = 1
2021-01-13 11:46:18,846 INFO [SpringContextShutdownHook] o.s.s.c.ThreadPoolTaskExecutor [ExecutorConfigurationSupport.java:218] Shutting down ExecutorService 'applicationTaskExecutor'
2021-01-13 11:46:18,854 INFO [SpringContextShutdownHook] c.z.h.HikariDataSource [HikariDataSource.java:350] HikariPool-2 - Shutdown initiated...
2021-01-13 11:46:18,875 INFO [SpringContextShutdownHook] c.z.h.HikariDataSource [HikariDataSource.java:352] HikariPool-2 - Shutdown completed.
2021-01-13 11:46:18,942 INFO [SpringContextShutdownHook] o.s.s.c.ThreadPoolTaskExecutor [ExecutorConfigurationSupport.java:218] Shutting down ExecutorService 'applicationTaskExecutor'
2021-01-13 11:46:18,943 INFO [SpringContextShutdownHook] c.z.h.HikariDataSource [HikariDataSource.java:350] HikariPool-1 - Shutdown initiated...
2021-01-13 11:46:18,963 INFO [SpringContextShutdownHook] c.z.h.HikariDataSource [HikariDataSource.java:352] HikariPool-1 - Shutdown completed.
