2021-01-12 15:28:37,286 INFO [Test worker] o.s.b.t.c.SpringBootTestContextBootstrapper [AbstractTestContextBootstrapper.java:308] Neither @ContextConfiguration nor @ContextHierarchy found for test class [org.dell.kube.pagesapi.HomeApiTest], using SpringBootContextLoader
2021-01-12 15:28:37,301 INFO [Test worker] o.s.t.c.s.AbstractContextLoader [AbstractContextLoader.java:264] Could not detect default resource locations for test class [org.dell.kube.pagesapi.HomeApiTest]: no resource found for suffixes {-context.xml, Context.groovy}.
2021-01-12 15:28:37,447 INFO [Test worker] o.s.b.t.c.SpringBootTestContextBootstrapper [AbstractTestContextBootstrapper.java:248] Loaded default TestExecutionListener class names from location [META-INF/spring.factories]: [org.springframework.boot.test.autoconfigure.restdocs.RestDocsTestExecutionListener, org.springframework.boot.test.autoconfigure.web.client.MockRestServiceServerResetTestExecutionListener, org.springframework.boot.test.autoconfigure.web.servlet.MockMvcPrintOnlyOnFailureTestExecutionListener, org.springframework.boot.test.autoconfigure.web.servlet.WebDriverTestExecutionListener, org.springframework.boot.test.autoconfigure.webservices.client.MockWebServiceServerTestExecutionListener, org.springframework.boot.test.mock.mockito.MockitoTestExecutionListener, org.springframework.boot.test.mock.mockito.ResetMocksTestExecutionListener, org.springframework.test.context.web.ServletTestExecutionListener, org.springframework.test.context.support.DirtiesContextBeforeModesTestExecutionListener, org.springframework.test.context.support.DependencyInjectionTestExecutionListener, org.springframework.test.context.support.DirtiesContextTestExecutionListener, org.springframework.test.context.transaction.TransactionalTestExecutionListener, org.springframework.test.context.jdbc.SqlScriptsTestExecutionListener, org.springframework.test.context.event.EventPublishingTestExecutionListener]
2021-01-12 15:28:37,463 INFO [Test worker] o.s.b.t.c.SpringBootTestContextBootstrapper [AbstractTestContextBootstrapper.java:177] Using TestExecutionListeners: [org.springframework.test.context.web.ServletTestExecutionListener@e4e071, org.springframework.test.context.support.DirtiesContextBeforeModesTestExecutionListener@2c72c4a0, org.springframework.boot.test.mock.mockito.MockitoTestExecutionListener@b332abe, org.springframework.boot.test.autoconfigure.SpringBootDependencyInjectionTestExecutionListener@4e1652a3, org.springframework.test.context.support.DirtiesContextTestExecutionListener@6956c478, org.springframework.test.context.transaction.TransactionalTestExecutionListener@533b5a36, org.springframework.test.context.jdbc.SqlScriptsTestExecutionListener@414fec35, org.springframework.test.context.event.EventPublishingTestExecutionListener@3db02df5, org.springframework.boot.test.autoconfigure.restdocs.RestDocsTestExecutionListener@621a5b3f, org.springframework.boot.test.autoconfigure.web.client.MockRestServiceServerResetTestExecutionListener@6b7947a0, org.springframework.boot.test.autoconfigure.web.servlet.MockMvcPrintOnlyOnFailureTestExecutionListener@556920be, org.springframework.boot.test.autoconfigure.web.servlet.WebDriverTestExecutionListener@690a7063, org.springframework.boot.test.autoconfigure.webservices.client.MockWebServiceServerTestExecutionListener@59f90dde, org.springframework.boot.test.mock.mockito.ResetMocksTestExecutionListener@781c1506]
2021-01-12 15:28:37,837 INFO [Test worker] o.d.k.p.HomeApiTest [StartupInfoLogger.java:55] Starting HomeApiTest on lin01 with PID 10068 (started by student in /home/student/workspace/pages)
2021-01-12 15:28:37,843 INFO [Test worker] o.d.k.p.HomeApiTest [SpringApplication.java:651] No active profile set, falling back to default profiles: default
2021-01-12 15:28:39,729 INFO [Test worker] o.s.b.w.e.t.TomcatWebServer [TomcatWebServer.java:108] Tomcat initialized with port(s): 0 (http)
2021-01-12 15:28:39,744 INFO [Test worker] o.a.c.h.Http11NioProtocol [DirectJDKLog.java:173] Initializing ProtocolHandler ["http-nio-auto-1"]
2021-01-12 15:28:39,746 INFO [Test worker] o.a.c.c.StandardService [DirectJDKLog.java:173] Starting service [Tomcat]
2021-01-12 15:28:39,747 INFO [Test worker] o.a.c.c.StandardEngine [DirectJDKLog.java:173] Starting Servlet engine: [Apache Tomcat/9.0.36]
2021-01-12 15:28:39,848 INFO [Test worker] o.a.c.c.C.[.[.[/] [DirectJDKLog.java:173] Initializing Spring embedded WebApplicationContext
2021-01-12 15:28:39,849 INFO [Test worker] o.s.b.w.s.c.ServletWebServerApplicationContext [ServletWebServerApplicationContext.java:285] Root WebApplicationContext: initialization completed in 1980 ms
2021-01-12 15:28:40,679 INFO [Test worker] o.s.s.c.ThreadPoolTaskExecutor [ExecutorConfigurationSupport.java:181] Initializing ExecutorService 'applicationTaskExecutor'
2021-01-12 15:28:41,178 INFO [Test worker] o.s.b.a.e.w.EndpointLinksResolver [EndpointLinksResolver.java:58] Exposing 2 endpoint(s) beneath base path '/actuator'
2021-01-12 15:28:41,240 INFO [Test worker] o.a.c.h.Http11NioProtocol [DirectJDKLog.java:173] Starting ProtocolHandler ["http-nio-auto-1"]
2021-01-12 15:28:41,269 INFO [Test worker] o.s.b.w.e.t.TomcatWebServer [TomcatWebServer.java:220] Tomcat started on port(s): 35749 (http) with context path ''
2021-01-12 15:28:41,286 INFO [Test worker] o.d.k.p.HomeApiTest [StartupInfoLogger.java:61] Started HomeApiTest in 3.788 seconds (JVM running for 5.114)
2021-01-12 15:28:41,800 INFO [http-nio-auto-1-exec-1] o.a.c.c.C.[.[.[/] [DirectJDKLog.java:173] Initializing Spring DispatcherServlet 'dispatcherServlet'
2021-01-12 15:28:41,802 INFO [http-nio-auto-1-exec-1] o.s.w.s.DispatcherServlet [FrameworkServlet.java:525] Initializing Servlet 'dispatcherServlet'
2021-01-12 15:28:41,823 INFO [http-nio-auto-1-exec-1] o.s.w.s.DispatcherServlet [FrameworkServlet.java:547] Completed initialization in 20 ms
2021-01-12 15:28:41,982 INFO [http-nio-auto-1-exec-2] c.z.h.HikariDataSource [HikariDataSource.java:110] HikariPool-1 - Starting...
2021-01-12 15:28:42,209 INFO [http-nio-auto-1-exec-2] c.z.h.HikariDataSource [HikariDataSource.java:123] HikariPool-1 - Start completed.
2021-01-12 15:28:42,303 INFO [Test worker] o.s.b.t.c.SpringBootTestContextBootstrapper [AbstractTestContextBootstrapper.java:308] Neither @ContextConfiguration nor @ContextHierarchy found for test class [org.dell.kube.pagesapi.PageApiTest], using SpringBootContextLoader
2021-01-12 15:28:42,305 INFO [Test worker] o.s.t.c.s.AbstractContextLoader [AbstractContextLoader.java:264] Could not detect default resource locations for test class [org.dell.kube.pagesapi.PageApiTest]: no resource found for suffixes {-context.xml, Context.groovy}.
2021-01-12 15:28:42,309 INFO [Test worker] o.s.b.t.c.SpringBootTestContextBootstrapper [AbstractTestContextBootstrapper.java:248] Loaded default TestExecutionListener class names from location [META-INF/spring.factories]: [org.springframework.boot.test.autoconfigure.restdocs.RestDocsTestExecutionListener, org.springframework.boot.test.autoconfigure.web.client.MockRestServiceServerResetTestExecutionListener, org.springframework.boot.test.autoconfigure.web.servlet.MockMvcPrintOnlyOnFailureTestExecutionListener, org.springframework.boot.test.autoconfigure.web.servlet.WebDriverTestExecutionListener, org.springframework.boot.test.autoconfigure.webservices.client.MockWebServiceServerTestExecutionListener, org.springframework.boot.test.mock.mockito.MockitoTestExecutionListener, org.springframework.boot.test.mock.mockito.ResetMocksTestExecutionListener, org.springframework.test.context.web.ServletTestExecutionListener, org.springframework.test.context.support.DirtiesContextBeforeModesTestExecutionListener, org.springframework.test.context.support.DependencyInjectionTestExecutionListener, org.springframework.test.context.support.DirtiesContextTestExecutionListener, org.springframework.test.context.transaction.TransactionalTestExecutionListener, org.springframework.test.context.jdbc.SqlScriptsTestExecutionListener, org.springframework.test.context.event.EventPublishingTestExecutionListener]
2021-01-12 15:28:42,310 INFO [Test worker] o.s.b.t.c.SpringBootTestContextBootstrapper [AbstractTestContextBootstrapper.java:177] Using TestExecutionListeners: [org.springframework.test.context.web.ServletTestExecutionListener@171eb239, org.springframework.test.context.support.DirtiesContextBeforeModesTestExecutionListener@1bbe5be8, org.springframework.boot.test.mock.mockito.MockitoTestExecutionListener@57914e29, org.springframework.boot.test.autoconfigure.SpringBootDependencyInjectionTestExecutionListener@bc116ad, org.springframework.test.context.support.DirtiesContextTestExecutionListener@692cf296, org.springframework.test.context.transaction.TransactionalTestExecutionListener@249540, org.springframework.test.context.jdbc.SqlScriptsTestExecutionListener@5d19636b, org.springframework.test.context.event.EventPublishingTestExecutionListener@5eee621b, org.springframework.boot.test.autoconfigure.restdocs.RestDocsTestExecutionListener@50d88312, org.springframework.boot.test.autoconfigure.web.client.MockRestServiceServerResetTestExecutionListener@74f292dc, org.springframework.boot.test.autoconfigure.web.servlet.MockMvcPrintOnlyOnFailureTestExecutionListener@6266b512, org.springframework.boot.test.autoconfigure.web.servlet.WebDriverTestExecutionListener@4f35fdff, org.springframework.boot.test.autoconfigure.webservices.client.MockWebServiceServerTestExecutionListener@5b613718, org.springframework.boot.test.mock.mockito.ResetMocksTestExecutionListener@3b652ada]
2021-01-12 15:28:42,424 INFO [http-nio-auto-1-exec-3] o.d.k.p.PageController [PageController.java:21] CREATE-INFO:Creating a new page
2021-01-12 15:28:42,482 INFO [http-nio-auto-1-exec-3] o.d.k.p.PageController [PageController.java:24] CREATE-INFO:Created a new page with id = 1
2021-01-12 15:28:42,497 INFO [http-nio-auto-1-exec-4] o.d.k.p.PageController [PageController.java:42] LIST-INFO:Fetching all pages
2021-01-12 15:28:42,587 INFO [http-nio-auto-1-exec-5] o.d.k.p.PageController [PageController.java:21] CREATE-INFO:Creating a new page
2021-01-12 15:28:42,594 INFO [http-nio-auto-1-exec-5] o.d.k.p.PageController [PageController.java:24] CREATE-INFO:Created a new page with id = 1
2021-01-12 15:28:42,609 INFO [http-nio-auto-1-exec-6] o.d.k.p.PageController [PageController.java:30] READ-INFO:Fetching page with id = 1
2021-01-12 15:28:42,657 INFO [http-nio-auto-1-exec-7] o.d.k.p.PageController [PageController.java:21] CREATE-INFO:Creating a new page
2021-01-12 15:28:42,666 INFO [http-nio-auto-1-exec-7] o.d.k.p.PageController [PageController.java:24] CREATE-INFO:Created a new page with id = 1
2021-01-12 15:28:42,711 INFO [http-nio-auto-1-exec-8] o.d.k.p.PageController [PageController.java:21] CREATE-INFO:Creating a new page
2021-01-12 15:28:42,719 INFO [http-nio-auto-1-exec-8] o.d.k.p.PageController [PageController.java:24] CREATE-INFO:Created a new page with id = 1
2021-01-12 15:28:42,725 INFO [http-nio-auto-1-exec-9] o.d.k.p.PageController [PageController.java:62] DELETE-INFO:Deleting the page with id = 1
2021-01-12 15:28:42,737 INFO [http-nio-auto-1-exec-9] o.d.k.p.PageController [PageController.java:65] DELETE-INFO:Deleted the page with id = 1
2021-01-12 15:28:42,744 INFO [http-nio-auto-1-exec-10] o.d.k.p.PageController [PageController.java:30] READ-INFO:Fetching page with id = 1
2021-01-12 15:28:42,746 ERROR [http-nio-auto-1-exec-10] o.d.k.p.PageController [PageController.java:36] READ-ERROR:Could not find page with id = 1
2021-01-12 15:28:42,792 INFO [http-nio-auto-1-exec-1] o.d.k.p.PageController [PageController.java:21] CREATE-INFO:Creating a new page
2021-01-12 15:28:42,799 INFO [http-nio-auto-1-exec-1] o.d.k.p.PageController [PageController.java:24] CREATE-INFO:Created a new page with id = 1
2021-01-12 15:28:42,808 INFO [http-nio-auto-1-exec-2] o.d.k.p.PageController [PageController.java:50] UPDATE-INFO:Updating the page with id = 1
2021-01-12 15:28:42,832 INFO [Test worker] o.s.b.t.c.SpringBootTestContextBootstrapper [AbstractTestContextBootstrapper.java:308] Neither @ContextConfiguration nor @ContextHierarchy found for test class [org.dell.kube.pages.MySqlPageRepositoryTest], using SpringBootContextLoader
2021-01-12 15:28:42,834 INFO [Test worker] o.s.t.c.s.AbstractContextLoader [AbstractContextLoader.java:264] Could not detect default resource locations for test class [org.dell.kube.pages.MySqlPageRepositoryTest]: no resource found for suffixes {-context.xml, Context.groovy}.
2021-01-12 15:28:42,835 INFO [Test worker] o.s.t.c.s.AnnotationConfigContextLoaderUtils [AnnotationConfigContextLoaderUtils.java:83] Could not detect default configuration classes for test class [org.dell.kube.pages.MySqlPageRepositoryTest]: MySqlPageRepositoryTest does not declare any static, non-private, non-final, nested classes annotated with @Configuration.
2021-01-12 15:28:42,847 INFO [Test worker] o.s.b.t.c.SpringBootTestContextBootstrapper [SpringBootTestContextBootstrapper.java:237] Found @SpringBootConfiguration org.dell.kube.pages.PageApplication for test class org.dell.kube.pages.MySqlPageRepositoryTest
2021-01-12 15:28:42,850 INFO [Test worker] o.s.b.t.c.SpringBootTestContextBootstrapper [AbstractTestContextBootstrapper.java:248] Loaded default TestExecutionListener class names from location [META-INF/spring.factories]: [org.springframework.boot.test.autoconfigure.restdocs.RestDocsTestExecutionListener, org.springframework.boot.test.autoconfigure.web.client.MockRestServiceServerResetTestExecutionListener, org.springframework.boot.test.autoconfigure.web.servlet.MockMvcPrintOnlyOnFailureTestExecutionListener, org.springframework.boot.test.autoconfigure.web.servlet.WebDriverTestExecutionListener, org.springframework.boot.test.autoconfigure.webservices.client.MockWebServiceServerTestExecutionListener, org.springframework.boot.test.mock.mockito.MockitoTestExecutionListener, org.springframework.boot.test.mock.mockito.ResetMocksTestExecutionListener, org.springframework.test.context.web.ServletTestExecutionListener, org.springframework.test.context.support.DirtiesContextBeforeModesTestExecutionListener, org.springframework.test.context.support.DependencyInjectionTestExecutionListener, org.springframework.test.context.support.DirtiesContextTestExecutionListener, org.springframework.test.context.transaction.TransactionalTestExecutionListener, org.springframework.test.context.jdbc.SqlScriptsTestExecutionListener, org.springframework.test.context.event.EventPublishingTestExecutionListener]
2021-01-12 15:28:42,850 INFO [Test worker] o.s.b.t.c.SpringBootTestContextBootstrapper [AbstractTestContextBootstrapper.java:177] Using TestExecutionListeners: [org.springframework.test.context.web.ServletTestExecutionListener@363780e9, org.springframework.test.context.support.DirtiesContextBeforeModesTestExecutionListener@41621a43, org.springframework.boot.test.mock.mockito.MockitoTestExecutionListener@4a79d205, org.springframework.boot.test.autoconfigure.SpringBootDependencyInjectionTestExecutionListener@9f19c87, org.springframework.test.context.support.DirtiesContextTestExecutionListener@34b7598, org.springframework.test.context.transaction.TransactionalTestExecutionListener@52aac7b0, org.springframework.test.context.jdbc.SqlScriptsTestExecutionListener@56c7de1a, org.springframework.test.context.event.EventPublishingTestExecutionListener@53d775e1, org.springframework.boot.test.autoconfigure.restdocs.RestDocsTestExecutionListener@b683db6, org.springframework.boot.test.autoconfigure.web.client.MockRestServiceServerResetTestExecutionListener@ffbfc2c, org.springframework.boot.test.autoconfigure.web.servlet.MockMvcPrintOnlyOnFailureTestExecutionListener@6724d4c7, org.springframework.boot.test.autoconfigure.web.servlet.WebDriverTestExecutionListener@f34ddbf, org.springframework.boot.test.autoconfigure.webservices.client.MockWebServiceServerTestExecutionListener@457bd462, org.springframework.boot.test.mock.mockito.ResetMocksTestExecutionListener@15314a7d]
2021-01-12 15:28:42,921 INFO [Test worker] o.d.k.p.MySqlPageRepositoryTest [StartupInfoLogger.java:55] Starting MySqlPageRepositoryTest on lin01 with PID 10068 (started by student in /home/student/workspace/pages)
2021-01-12 15:28:42,921 INFO [Test worker] o.d.k.p.MySqlPageRepositoryTest [SpringApplication.java:651] No active profile set, falling back to default profiles: default
2021-01-12 15:28:43,649 INFO [Test worker] o.s.s.c.ThreadPoolTaskExecutor [ExecutorConfigurationSupport.java:181] Initializing ExecutorService 'applicationTaskExecutor'
2021-01-12 15:28:43,961 INFO [Test worker] o.s.b.a.e.w.EndpointLinksResolver [EndpointLinksResolver.java:58] Exposing 2 endpoint(s) beneath base path '/actuator'
2021-01-12 15:28:44,005 INFO [Test worker] o.d.k.p.MySqlPageRepositoryTest [StartupInfoLogger.java:61] Started MySqlPageRepositoryTest in 1.146 seconds (JVM running for 7.834)
2021-01-12 15:28:44,020 INFO [Test worker] c.z.h.HikariDataSource [HikariDataSource.java:110] HikariPool-2 - Starting...
2021-01-12 15:28:44,031 INFO [Test worker] c.z.h.HikariDataSource [HikariDataSource.java:123] HikariPool-2 - Start completed.
2021-01-12 15:28:44,372 INFO [Test worker] o.d.k.p.PageController [PageController.java:42] LIST-INFO:Fetching all pages
2021-01-12 15:28:44,392 INFO [Test worker] o.d.k.p.PageController [PageController.java:30] READ-INFO:Fetching page with id = 1
2021-01-12 15:28:44,396 INFO [Test worker] o.d.k.p.PageController [PageController.java:30] READ-INFO:Fetching page with id = 1
2021-01-12 15:28:44,398 ERROR [Test worker] o.d.k.p.PageController [PageController.java:36] READ-ERROR:Could not find page with id = 1
2021-01-12 15:28:44,404 INFO [Test worker] o.d.k.p.PageController [PageController.java:50] UPDATE-INFO:Updating the page with id = 1
2021-01-12 15:28:44,405 ERROR [Test worker] o.d.k.p.PageController [PageController.java:56] UPDATE-ERROR:Could not update the page with id = 1
2021-01-12 15:28:44,408 INFO [Test worker] o.d.k.p.PageController [PageController.java:21] CREATE-INFO:Creating a new page
2021-01-12 15:28:44,409 INFO [Test worker] o.d.k.p.PageController [PageController.java:24] CREATE-INFO:Created a new page with id = 1
2021-01-12 15:28:44,416 INFO [Test worker] o.d.k.p.PageController [PageController.java:62] DELETE-INFO:Deleting the page with id = 1
2021-01-12 15:28:44,418 INFO [Test worker] o.d.k.p.PageController [PageController.java:65] DELETE-INFO:Deleted the page with id = 1
2021-01-12 15:28:44,428 INFO [Test worker] o.d.k.p.PageController [PageController.java:50] UPDATE-INFO:Updating the page with id = 1
2021-01-12 15:28:44,467 INFO [SpringContextShutdownHook] o.s.s.c.ThreadPoolTaskExecutor [ExecutorConfigurationSupport.java:218] Shutting down ExecutorService 'applicationTaskExecutor'
2021-01-12 15:28:44,471 INFO [SpringContextShutdownHook] c.z.h.HikariDataSource [HikariDataSource.java:350] HikariPool-2 - Shutdown initiated...
2021-01-12 15:28:44,545 INFO [SpringContextShutdownHook] c.z.h.HikariDataSource [HikariDataSource.java:352] HikariPool-2 - Shutdown completed.
2021-01-12 15:28:44,555 INFO [SpringContextShutdownHook] o.s.s.c.ThreadPoolTaskExecutor [ExecutorConfigurationSupport.java:218] Shutting down ExecutorService 'applicationTaskExecutor'
2021-01-12 15:28:44,556 INFO [SpringContextShutdownHook] c.z.h.HikariDataSource [HikariDataSource.java:350] HikariPool-1 - Shutdown initiated...
2021-01-12 15:28:44,574 INFO [SpringContextShutdownHook] c.z.h.HikariDataSource [HikariDataSource.java:352] HikariPool-1 - Shutdown completed.
2021-01-12 15:31:47,972 INFO [main] o.d.k.p.PageApplication [StartupInfoLogger.java:55] Starting PageApplication on lin01 with PID 10804 (/home/student/workspace/pages/build/classes/java/main started by student in /home/student/workspace/pages)
2021-01-12 15:31:47,975 INFO [main] o.d.k.p.PageApplication [SpringApplication.java:651] No active profile set, falling back to default profiles: default
2021-01-12 15:31:49,162 INFO [main] o.s.b.w.e.t.TomcatWebServer [TomcatWebServer.java:108] Tomcat initialized with port(s): 8080 (http)
2021-01-12 15:31:49,182 INFO [main] o.a.c.h.Http11NioProtocol [DirectJDKLog.java:173] Initializing ProtocolHandler ["http-nio-8080"]
2021-01-12 15:31:49,182 INFO [main] o.a.c.c.StandardService [DirectJDKLog.java:173] Starting service [Tomcat]
2021-01-12 15:31:49,183 INFO [main] o.a.c.c.StandardEngine [DirectJDKLog.java:173] Starting Servlet engine: [Apache Tomcat/9.0.36]
2021-01-12 15:31:49,246 INFO [main] o.a.c.c.C.[.[.[/] [DirectJDKLog.java:173] Initializing Spring embedded WebApplicationContext
2021-01-12 15:31:49,247 INFO [main] o.s.b.w.s.c.ServletWebServerApplicationContext [ServletWebServerApplicationContext.java:285] Root WebApplicationContext: initialization completed in 1229 ms
2021-01-12 15:31:49,566 INFO [main] o.s.s.c.ThreadPoolTaskExecutor [ExecutorConfigurationSupport.java:181] Initializing ExecutorService 'applicationTaskExecutor'
2021-01-12 15:31:49,790 INFO [main] o.s.b.a.e.w.EndpointLinksResolver [EndpointLinksResolver.java:58] Exposing 2 endpoint(s) beneath base path '/actuator'
2021-01-12 15:31:49,813 INFO [main] o.a.c.h.Http11NioProtocol [DirectJDKLog.java:173] Starting ProtocolHandler ["http-nio-8080"]
2021-01-12 15:31:49,833 INFO [main] o.s.b.w.e.t.TomcatWebServer [TomcatWebServer.java:220] Tomcat started on port(s): 8080 (http) with context path ''
2021-01-12 15:31:49,851 INFO [main] o.d.k.p.PageApplication [StartupInfoLogger.java:61] Started PageApplication in 2.171 seconds (JVM running for 2.607)
2021-01-12 15:35:46,834 INFO [SpringContextShutdownHook] o.s.s.c.ThreadPoolTaskExecutor [ExecutorConfigurationSupport.java:218] Shutting down ExecutorService 'applicationTaskExecutor'
